<?xml version="1.0" encoding="UTF-8"?>
<!-- Generated by org.testng.reporters.JUnitReportReporter -->
<testsuite hostname="C02V23N5HV2R" failures="0" tests="1" name="Selenium.Selpra.homepage" time="10.784" errors="0" timestamp="2022-01-16T14:55:43 EST" skipped="0">
  <testcase classname="Selenium.Selpra.homepage" name="homepageclick" time="10.784"/>
  <system-out/>
</testsuite> <!-- Selenium.Selpra.homepage -->
